<?xml version="1.0" encoding="UTF-8"?>
<testsuite xmlns:xsi="http://www.w3.org/2001/XMLSchema-instance" xsi:schemaLocation="https://maven.apache.org/surefire/maven-surefire-plugin/xsd/surefire-test-report.xsd" name="bionicTestPrototype.RunnerClassTest" time="68.803" tests="3" errors="1" skipped="0" failures="0">
  <properties>
[...]
</properties>
  <testcase name="Web form and lead creation" classname="Verify bionic site is live" time="21.529"/>
  <testcase name="Verify current page for electric" classname="Verify UKP site scenarios" time="12.517">
    <error message="no such element: Unable to locate element: {&quot;method&quot;:&quot;id&quot;,&quot;selector&quot;:&quot;useGas-option-No&quot;}&#10;  (Session info: chrome=83.0.4103.116)&#10;  (Driver info: chromedriver=72.0.3626.69 (3c16f8a135abc0d4da2dff33804db79b849a7c38),platform=Windows NT 10.0.17763 x86_64) (WARNING: The server did not provide any stacktrace information)&#10;Command duration or timeout: 0 milliseconds&#10;For documentation on this error, please visit: https://www.seleniumhq.org/exceptions/no_such_element.html&#10;Build info: version: &apos;3.141.59&apos;, revision: &apos;e82be7d358&apos;, time: &apos;2018-11-14T08:17:03&apos;&#10;System info: host: &apos;MIC-LAP225&apos;, ip: &apos;10.16.21.43&apos;, os.name: &apos;Windows 10&apos;, os.arch: &apos;amd64&apos;, os.version: &apos;10.0&apos;, java.version: &apos;12.0.2&apos;&#10;Driver info: org.openqa.selenium.chrome.ChromeDriver&#10;Capabilities {acceptInsecureCerts: false, acceptSslCerts: false, applicationCacheEnabled: false, browserConnectionEnabled: false, browserName: chrome, chrome: {chromedriverVersion: 72.0.3626.69 (3c16f8a135abc..., userDataDir: C:\Users\RAVI~1.AHU\AppData...}, cssSelectorsEnabled: true, databaseEnabled: false, goog:chromeOptions: {debuggerAddress: localhost:56634}, handlesAlerts: true, hasTouchScreen: false, javascriptEnabled: true, locationContextEnabled: true, mobileEmulationEnabled: false, nativeEvents: true, networkConnectionEnabled: false, pageLoadStrategy: normal, platform: XP, platformName: XP, proxy: Proxy(), rotatable: false, setWindowRect: true, takesHeapSnapshot: true, takesScreenshot: true, timeouts: {implicit: 0, pageLoad: 300000, script: 30000}, unexpectedAlertBehaviour: ignore, unhandledPromptBehavior: ignore, version: 83.0.4103.116, webStorageEnabled: true}&#10;Session ID: fc7b5a25f4c222dd01d59b05c5ab320d&#10;*** Element info: {Using=id, value=useGas-option-No}" type="org.openqa.selenium.NoSuchElementException">org.openqa.selenium.NoSuchElementException: 
no such element: Unable to locate element: {"method":"id","selector":"useGas-option-No"}
  (Session info: chrome=83.0.4103.116)
  (Driver info: chromedriver=72.0.3626.69 (3c16f8a135abc0d4da2dff33804db79b849a7c38),platform=Windows NT 10.0.17763 x86_64) (WARNING: The server did not provide any stacktrace information)
Command duration or timeout: 0 milliseconds
For documentation on this error, please visit: https://www.seleniumhq.org/exceptions/no_such_element.html
Build info: version: '3.141.59', revision: 'e82be7d358', time: '2018-11-14T08:17:03'
System info: host: 'MIC-LAP225', ip: '10.16.21.43', os.name: 'Windows 10', os.arch: 'amd64', os.version: '10.0', java.version: '12.0.2'
Driver info: org.openqa.selenium.chrome.ChromeDriver
Capabilities {acceptInsecureCerts: false, acceptSslCerts: false, applicationCacheEnabled: false, browserConnectionEnabled: false, browserName: chrome, chrome: {chromedriverVersion: 72.0.3626.69 (3c16f8a135abc..., userDataDir: C:\Users\RAVI~1.AHU\AppData...}, cssSelectorsEnabled: true, databaseEnabled: false, goog:chromeOptions: {debuggerAddress: localhost:56634}, handlesAlerts: true, hasTouchScreen: false, javascriptEnabled: true, locationContextEnabled: true, mobileEmulationEnabled: false, nativeEvents: true, networkConnectionEnabled: false, pageLoadStrategy: normal, platform: XP, platformName: XP, proxy: Proxy(), rotatable: false, setWindowRect: true, takesHeapSnapshot: true, takesScreenshot: true, timeouts: {implicit: 0, pageLoad: 300000, script: 30000}, unexpectedAlertBehaviour: ignore, unhandledPromptBehavior: ignore, version: 83.0.4103.116, webStorageEnabled: true}
Session ID: fc7b5a25f4c222dd01d59b05c5ab320d
*** Element info: {Using=id, value=useGas-option-No}
</error>
    <system-out><![CDATA[
Feature: Verify UKP site scenarios
  As a user
  I navigate to UKP QA site
  So that regression test pass successfully

  @UKP-TST1
  Scenario Outline: Verify current page for electric &amp#27;[90m# src/test/resources/UKP.feature:7&amp#27;[0m
    &amp#27;[36mGiven I navigate to UKP landing page with "<url>"&amp#27;[0m
    &amp#27;[36mWhen I enter postcode "<postcode>"&amp#27;[0m
    &amp#27;[36mAnd I click Compare now button&amp#27;[0m
    &amp#27;[36mAnd I select Do you use gas option "<DoyouUseGasOption>"&amp#27;[0m
    &amp#27;[36mAnd I select Economy seven option "<E7Option>"&amp#27;[0m
    &amp#27;[36mAnd I select Energy Usage Option "<energy-usage-option>"&amp#27;[0m
    &amp#27;[36mAnd I select size of property "<property-size>"&amp#27;[0m
    &amp#27;[36mAnd I click See Result button&amp#27;[0m
    &amp#27;[36mThen I close the ukp browser&amp#27;[0m

    Examples: 

  @UKP-TST1
  Scenario Outline: Verify current page for electric                      &amp#27;[90m# src/test/resources/UKP.feature:19&amp#27;[0m
    &amp#27;[32mGiven &amp#27;[0m&amp#27;[32mI navigate to UKP landing page with "&amp#27;[0m&amp#27;[32m&amp#27;[1mhttps://qa.ukpower.co.uk/&amp#27;[0m&amp#27;[32m"&amp#27;[0m &amp#27;[90m# ukpStepDefs.i_navigate_to_UKP_landing_page_with(String)&amp#27;[0m
    &amp#27;[32mWhen &amp#27;[0m&amp#27;[32mI enter postcode "&amp#27;[0m&amp#27;[32m&amp#27;[1mha85hf&amp#27;[0m&amp#27;[32m"&amp#27;[0m                                        &amp#27;[90m# ukpStepDefs.i_enter_postcode(String)&amp#27;[0m
    &amp#27;[32mAnd &amp#27;[0m&amp#27;[32mI click Compare now button&amp#27;[0m                                        &amp#27;[90m# ukpStepDefs.i_click_Compare_now_button()&amp#27;[0m
    &amp#27;[31mAnd &amp#27;[0m&amp#27;[31mI select Do you use gas option "&amp#27;[0m&amp#27;[31m&amp#27;[1mNo&amp#27;[0m&amp#27;[31m"&amp#27;[0m                               &amp#27;[90m# ukpStepDefs.i_select_Do_you_use_gas_option(String)&amp#27;[0m
      &amp#27;[31morg.openqa.selenium.NoSuchElementException: no such element: Unable to locate element: {"method":"id","selector":"useGas-option-No"}
  (Session info: chrome=83.0.4103.116)
  (Driver info: chromedriver=72.0.3626.69 (3c16f8a135abc0d4da2dff33804db79b849a7c38),platform=Windows NT 10.0.17763 x86_64) (WARNING: The server did not provide any stacktrace information)
Command duration or timeout: 0 milliseconds
For documentation on this error, please visit: https://www.seleniumhq.org/exceptions/no_such_element.html
Build info: version: '3.141.59', revision: 'e82be7d358', time: '2018-11-14T08:17:03'
System info: host: 'MIC-LAP225', ip: '10.16.21.43', os.name: 'Windows 10', os.arch: 'amd64', os.version: '10.0', java.version: '12.0.2'
Driver info: org.openqa.selenium.chrome.ChromeDriver
Capabilities {acceptInsecureCerts: false, acceptSslCerts: false, applicationCacheEnabled: false, browserConnectionEnabled: false, browserName: chrome, chrome: {chromedriverVersion: 72.0.3626.69 (3c16f8a135abc..., userDataDir: C:\Users\RAVI~1.AHU\AppData...}, cssSelectorsEnabled: true, databaseEnabled: false, goog:chromeOptions: {debuggerAddress: localhost:56634}, handlesAlerts: true, hasTouchScreen: false, javascriptEnabled: true, locationContextEnabled: true, mobileEmulationEnabled: false, nativeEvents: true, networkConnectionEnabled: false, pageLoadStrategy: normal, platform: XP, platformName: XP, proxy: Proxy(), rotatable: false, setWindowRect: true, takesHeapSnapshot: true, takesScreenshot: true, timeouts: {implicit: 0, pageLoad: 300000, script: 30000}, unexpectedAlertBehaviour: ignore, unhandledPromptBehavior: ignore, version: 83.0.4103.116, webStorageEnabled: true}
Session ID: fc7b5a25f4c222dd01d59b05c5ab320d
*** Element info: {Using=id, value=useGas-option-No}
	at java.base/jdk.internal.reflect.NativeConstructorAccessorImpl.newInstance0(Native Method)
	at java.base/jdk.internal.reflect.NativeConstructorAccessorImpl.newInstance(NativeConstructorAccessorImpl.java:62)
	at java.base/jdk.internal.reflect.DelegatingConstructorAccessorImpl.newInstance(DelegatingConstructorAccessorImpl.java:45)
	at java.base/java.lang.reflect.Constructor.newInstanceWithCaller(Constructor.java:500)
	at java.base/java.lang.reflect.Constructor.newInstance(Constructor.java:481)
	at org.openqa.selenium.remote.ErrorHandler.createThrowable(ErrorHandler.java:214)
	at org.openqa.selenium.remote.ErrorHandler.throwIfResponseFailed(ErrorHandler.java:166)
	at org.openqa.selenium.remote.http.JsonHttpResponseCodec.reconstructValue(JsonHttpResponseCodec.java:40)
	at org.openqa.selenium.remote.http.AbstractHttpResponseCodec.decode(AbstractHttpResponseCodec.java:80)
	at org.openqa.selenium.remote.http.AbstractHttpResponseCodec.decode(AbstractHttpResponseCodec.java:44)
	at org.openqa.selenium.remote.HttpCommandExecutor.execute(HttpCommandExecutor.java:158)
	at org.openqa.selenium.remote.service.DriverCommandExecutor.execute(DriverCommandExecutor.java:83)
	at org.openqa.selenium.remote.RemoteWebDriver.execute(RemoteWebDriver.java:552)
	at org.openqa.selenium.remote.RemoteWebDriver.findElement(RemoteWebDriver.java:323)
	at org.openqa.selenium.remote.RemoteWebDriver.findElementById(RemoteWebDriver.java:372)
	at org.openqa.selenium.By$ById.findElement(By.java:188)
	at org.openqa.selenium.remote.RemoteWebDriver.findElement(RemoteWebDriver.java:315)
	at UKPowerPages.ukpCurrentPlanPage.doYouUseGas(ukpCurrentPlanPage.java:18)
	at bionicTestPrototype.ukpStepDefs.i_select_Do_you_use_gas_option(ukpStepDefs.java:36)
	at ?.I select Do you use gas option "No"(src/test/resources/UKP.feature:11)
&amp#27;[0m
    &amp#27;[36mAnd &amp#27;[0m&amp#27;[36mI select Economy seven option "&amp#27;[0m&amp#27;[36m&amp#27;[1mNo&amp#27;[0m&amp#27;[36m"&amp#27;[0m                                &amp#27;[90m# ukpStepDefs.i_select_Economy_seven_option(String)&amp#27;[0m
    &amp#27;[36mAnd &amp#27;[0m&amp#27;[36mI select Energy Usage Option "&amp#27;[0m&amp#27;[36m&amp#27;[1mNo&amp#27;[0m&amp#27;[36m"&amp#27;[0m                                 &amp#27;[90m# ukpStepDefs.i_select_Energy_Usage_Option(String)&amp#27;[0m
    &amp#27;[36mAnd &amp#27;[0m&amp#27;[36mI select size of property "&amp#27;[0m&amp#27;[36m&amp#27;[1m1Bedroom&amp#27;[0m&amp#27;[36m"&amp#27;[0m                              &amp#27;[90m# ukpStepDefs.i_select_size_of_property(String)&amp#27;[0m
    &amp#27;[36mAnd &amp#27;[0m&amp#27;[36mI click See Result button&amp#27;[0m                                         &amp#27;[90m# ukpStepDefs.i_click_See_Result_button()&amp#27;[0m
    &amp#27;[36mThen &amp#27;[0m&amp#27;[36mI close the ukp browser&amp#27;[0m                                          &amp#27;[90m# ukpStepDefs.i_close_the_ukp_browser()&amp#27;[0m
]]></system-out>
    <system-err><![CDATA[Starting ChromeDriver 72.0.3626.69 (3c16f8a135abc0d4da2dff33804db79b849a7c38) on port 26044
Only local connections are allowed.
Please protect ports used by ChromeDriver and related test frameworks to prevent access by malicious code.
Jul 10, 2020 2:20:48 PM org.openqa.selenium.remote.ProtocolHandshake createSession
INFO: Detected dialect: OSS
]]></system-err>
  </testcase>
  <testcase name="Verify current page for electric" classname="Verify UKP site scenarios" time="34.137"/>
</testsuite>